date :
Sun Apr 30 01:12:48 +03 2023
directory
/okyanus/users/afarea/QUC032023/QUCApr292023/QuantumUC-main
slurm NNODES: 1 , NTASK: 28 ,  ntask per node:  ,cpu per task: 

['gen1', 'gen3', 'gen2', 'load1', 'load2']
[[ 1.  -0.5 -0.5  0.   0. ]
 [-0.5  2.   0.  -0.5 -0.5]
 [-0.5  0.   1.  -0.5  0. ]
 [ 0.  -0.5 -0.5  1.5 -0.5]
 [ 0.  -0.5  0.  -0.5  1. ]]
Check if QAOA circuit exists
'QAOA__2_3_[[600, 0], [500, 373.3], [400, 326.7], [-600, -200], [-900, -500]]_4_7_[1.1, 1.2, 1.0]_[[1, 1, 1], [1, 1, 1]]_[[0. 1. 1. 0. 0.]\n [1. 0. 0. 1. 1.]\n [1. 0. 0. 1. 0.]\n [0. 1. 1. 0. 1.]\n [0. 1. 0. 1. 0.]]_[[ 1.  -0.5 -0.5  0.   0. ]\n [-0.5  2.   0.  -0.5 -0.5]\n [-0.5  0.   1.  -0.5  0. ]\n [ 0.  -0.5 -0.5  1.5 -0.5]\n [ 0.  -0.5  0.  -0.5  1. ]]_3.5_0.08018429778896019_True'
Constructing QAOA Circuit
Total number of qubits in our circuit: 23
Check if HHL circuit already exists
Circuit exists. Circuit ID: 2
Constructing exp(ik|cos(x)|)
Get cos(x) expression
	Power expansion
	Power:  2
Output expression [9.86960439738358, -0.3060155660128287, -0.607211989254111, 0.009638285543092717, -1.1951474074220367, 0.019276571086185433, 0.038553142172370866, 0.0, -2.313188530499332, 0.038553142172370866, 0.07710628434474173, 0.0, 0.15421256868948346, 0.0, 0.0, 0.0, -4.317951924090935, 0.07710628435455921, 0.15421256870911842, 0.0, 0.30842513741823685, 0.0, 0.0, 0.0, 0.6168502748364737, 0.0, 0.0, 0.0, 0.0, 0.0, 0.0, 0.0, -7.402203298666002, 0.1542125687189359, 0.3084251374378718, 0.0, 0.6168502748757436, 0.0, 0.0, 0.0, 1.2337005497514872, 0.0, 0.0, 0.0, 0.0, 0.0, 0.0, 0.0, 2.4674010998171334, 0.0, 0.0, 0.0, 0.0, 0.0, 0.0, 0.0, 0.0, 0.0, 0.0, 0.0, 0.0, 0.0, 0.0, 0.0, -9.869604397383577, 0.30842513744768923, 0.6168502748953785, 0.0, 1.233700549790757, 0.0, 0.0, 0.0, 2.467401099581514, 0.0, 0.0, 0.0, 0.0, 0.0, 0.0, 0.0, 4.9348021997913465, 0.0, 0.0, 0.0, 0.0, 0.0, 0.0, 0.0, 0.0, 0.0, 0.0, 0.0, 0.0, 0.0, 0.0, 0.0, 9.869604400211012, 0.0, 0.0, 0.0, 0.0, 0.0, 0.0, 0.0, 0.0, 0.0, 0.0, 0.0, 0.0, 0.0, 0.0, 0.0, 0.0, 0.0, 0.0, 0.0, 0.0, 0.0, 0.0, 0.0, 0.0, 0.0, 0.0, 0.0, 0.0, 0.0, 0.0, 0.0]
	Power expansion
	Power:  0.0
Output expression [1.0, 0.0, 0.0, 0.0, 0.0, 0.0, 0.0, 0.0, 0.0, 0.0, 0.0, 0.0, 0.0, 0.0, 0.0, 0.0, 0.0, 0.0, 0.0, 0.0, 0.0, 0.0, 0.0, 0.0, 0.0, 0.0, 0.0, 0.0, 0.0, 0.0, 0.0, 0.0, 0.0, 0.0, 0.0, 0.0, 0.0, 0.0, 0.0, 0.0, 0.0, 0.0, 0.0, 0.0, 0.0, 0.0, 0.0, 0.0, 0.0, 0.0, 0.0, 0.0, 0.0, 0.0, 0.0, 0.0, 0.0, 0.0, 0.0, 0.0, 0.0, 0.0, 0.0, 0.0, 0.0, 0.0, 0.0, 0.0, 0.0, 0.0, 0.0, 0.0, 0.0, 0.0, 0.0, 0.0, 0.0, 0.0, 0.0, 0.0, 0.0, 0.0, 0.0, 0.0, 0.0, 0.0, 0.0, 0.0, 0.0, 0.0, 0.0, 0.0, 0.0, 0.0, 0.0, 0.0, 0.0, 0.0, 0.0, 0.0, 0.0, 0.0, 0.0, 0.0, 0.0, 0.0, 0.0, 0.0, 0.0, 0.0, 0.0, 0.0, 0.0, 0.0, 0.0, 0.0, 0.0, 0.0, 0.0, 0.0, 0.0, 0.0, 0.0, 0.0, 0.0, 0.0, 0.0, 0.0]
	Power expansion
	Power:  1.0
Output expression [9.8696043973, -0.306015566, -0.607211989, 0.0096382855, -1.195147407, 0.019276571, 0.0385531421, 0.0, -2.31318853, 0.0385531421, 0.0771062843, 0.0, 0.1542125686, 0.0, 0.0, 0.0, -4.317951924, 0.0771062843, 0.1542125687, 0.0, 0.3084251374, 0.0, 0.0, 0.0, 0.6168502748, 0.0, 0.0, 0.0, 0.0, 0.0, 0.0, 0.0, -7.402203298, 0.1542125687, 0.3084251374, 0.0, 0.6168502748, 0.0, 0.0, 0.0, 1.2337005497, 0.0, 0.0, 0.0, 0.0, 0.0, 0.0, 0.0, 2.4674010998, 0.0, 0.0, 0.0, 0.0, 0.0, 0.0, 0.0, 0.0, 0.0, 0.0, 0.0, 0.0, 0.0, 0.0, 0.0, -9.869604397, 0.3084251374, 0.6168502748, 0.0, 1.2337005497, 0.0, 0.0, 0.0, 2.4674010995, 0.0, 0.0, 0.0, 0.0, 0.0, 0.0, 0.0, 4.9348021997, 0.0, 0.0, 0.0, 0.0, 0.0, 0.0, 0.0, 0.0, 0.0, 0.0, 0.0, 0.0, 0.0, 0.0, 0.0, 9.8696044002, 0.0, 0.0, 0.0, 0.0, 0.0, 0.0, 0.0, 0.0, 0.0, 0.0, 0.0, 0.0, 0.0, 0.0, 0.0, 0.0, 0.0, 0.0, 0.0, 0.0, 0.0, 0.0, 0.0, 0.0, 0.0, 0.0, 0.0, 0.0, 0.0, 0.0, 0.0]
	Power expansion
	Power:  2.0
Output expression [97.4090909592035, -5.946859625037397, -11.61717783387002, 0.5443737716423728, -22.16288688263896, 1.0544687171523128, 2.074937298852375, -0.06744289375173143, -40.309670199620285, 1.9762811655069024, 3.8867915753428495, -0.13042675337719406, 7.514959161011554, -0.2563944724647504, -0.5083299111815346, 0.008918068586986124, -66.58824577490549, 3.4576095244635434, 6.792595604438236, -0.2430173697129423, 13.10361550373348, -0.4771166708388984, -0.9453152738792225, 0.017836137189393506, 24.35227273560629, -0.9185610680546514, -1.8192859996331423, 0.03567227442505078, -3.56722745036992, 0.07134454885010157, 0.14268909791610074, 0.0, -91.32102277437664, 5.220786010196551, 10.23199740437061, -0.4146901905796383, 19.643532496325072, -0.8115442439814491, -1.605252351772031, 0.03567227438649764, 36.14790484068575, -1.5517439404770959, -3.067815607091053, 0.07134454886745048, -5.992942116385521, 0.14268909773490096, 0.2853781958399121, 0.0, 60.880681851969584, -2.8181096866159248, -5.564874824021276, 0.14268909783513914, -10.84437145231059, 0.2853781956702783, 0.5707563919574068, 0.0, -20.54723012194006, 0.570756391849458, 1.1415127844391364, 0.0, 2.283025568878273, 0.0, 0.0, 0.0, -97.40909095920348, 5.946865431073174, 11.617270730428967, -0.5440021854388792, 22.16437322747414, -1.0523320965177665, -2.0689919196658737, 0.07134454877492294, 40.33345171630461, -1.9619750970157646, -3.8526056453173263, 0.1426890977368286, -7.4198330949759415, 0.2853781954813679, 0.5707563917029561, 0.0, 66.96875003790676, -3.353193804121775, -6.563698508834478, 0.2853781956722059, -12.55664062601612, 0.5707563913598331, 1.1415127839533667, 0.0, -22.830255685791006, 1.141512783722048, 2.2830255689245367, 0.0, 4.566051137972443, 0.0, 0.0, 0.0, 97.40909097499488, -4.423362039145526, -8.561345877614643, 0.5707563914832032, -15.981178971646035, 1.141512782997249, 2.2830255679684184, 0.0, -27.396306809946005, 2.283025568060946, 4.566051138095814, 0.0, 9.132102276438367, 0.0, 0.0, 0.0, -36.52840907910556, 4.566051138558452, 9.132102279090823, 0.0, 18.264204558675125, 0.0, 0.0, 0.0, 36.528409118830695, 0.0, 0.0, 0.0, 0.0, 0.0, 0.0, 0.0]
	Power expansion
	Power:  3.0
Output expression [961.3891924679505, -86.6820183947427, -166.7508276423286, 12.816474604498826, -308.66923152245494, 24.07000220215386, 46.61393238592507, -2.97837393254027, -529.922223426597, 42.46870738021393, 82.16600743349507, -5.404702577279296, 153.7941600183828, -10.275571555653332, -20.026415366224704, 1.031243813057246, -790.282571071346, 66.37720183719905, 128.19013172714364, -8.887453777897226, 239.0788330506728, -16.845197958550862, -32.77760869657326, 1.7917297182878054, 416.11886335598933, -30.239736801405606, -58.78541012758603, 3.3230161172857327, -111.05372035740524, 6.390746206398332, 12.528785038284362, -0.5002574696214129, -946.3674863360952, 84.07653671208149, 161.92787090201045, -12.08813191136651, 300.3891967848152, -22.78615833681134, -44.21089863781735, 2.665461192942475, 517.5740582579645, -40.465736572447355, -78.43040067003703, 4.892552441967954, -147.29230278330846, 9.35704952352922, 18.291200987811102, -0.8354815472750515, 775.4955790981151, -63.84707885376489, -123.49655052963065, 8.196658487103562, -230.99173839390824, 15.619722948943956, 30.476166467707674, -1.5059297033359613, -404.00174493719396, 28.310103199978105, 55.17616421813149, -2.846826016806193, 104.74119309768548, -5.528618641637756, -10.892203898214166, 0.330066784120487, -961.3891924679504, 86.68201840873276, 166.75082853769223, -12.816465315102374, 308.6692888257201, -24.06984092480652, -46.6133378645702, 2.979196547726505, 529.9258908353985, -42.4649399145841, -82.15568568340466, 5.411719988417857, -153.7561106524114, 10.29739604002647, 20.07906273793291, -1.0108295262186666, 790.5172852309981, -66.27423011472932, -127.94901392811892, 8.966814318117164, -238.41824105098112, 17.04657415413455, 33.22672300866495, -1.691592269234347, -413.683703953707, 30.874997175646538, 60.182177126316425, -3.0531177566082706, 114.42315213229904, -5.776168729174978, -11.222270678629197, 0.6601335682597019, 961.3891925263965, -81.03053618599876, -155.33768066215532, 13.147660260369905, -284.9576576783462, 25.181345125148468, 49.28997321415218, -2.0629174009607225, -475.29617037054436, 46.56692225481007, 91.31847719773448, -3.465701235977322, 176.03561871357095, -6.271268903678898, -11.88240423813496, 1.3202671367334375, -619.6453776168892, 83.23184099934237, 164.1532145042648, -4.290868196865128, 320.38482620000406, -7.261469256327969, -13.202671363685086, 2.6405342749972163, 619.6453782539675, -9.241869962543763, -15.843205614753373, 5.281068554232298, -21.12427411145351, 10.562137108635822, 21.124274236449065, 0.0]
Check if QADC circuit already exists.
Exists. Circuit ID is 3
