date :
Fri Apr 21 23:24:25 +03 2023
directory
/okyanus/users/afarea/QUC032023/quc21042023/quc/QuantumUC-main
slurm NNODES: 1 , NTASK: 28 ,  ntask per node:  ,cpu per task: 

['gen1', 'gen2', 'gen3', 'load2', 'load1']
[[ 1.  -0.5 -0.5  0.   0. ]
 [-0.5  1.   0.   0.  -0.5]
 [-0.5  0.   2.  -0.5 -0.5]
 [ 0.   0.  -0.5  1.  -0.5]
 [ 0.  -0.5 -0.5 -0.5  1.5]]
Check if QAOA circuit exists
'QAOA__2_3_[[600, 222.18], [400, 277.819], [200, 200], [-200, -500], [-700, -900]]_4_4_[39616535, 12804052, 3364826]_[[1, 1, 1], [1, 1, 1]]_[[0. 1. 1. 0. 0.]\n [1. 0. 0. 0. 1.]\n [1. 0. 0. 1. 1.]\n [0. 0. 1. 0. 1.]\n [0. 1. 1. 1. 0.]]_[[ 1.  -0.5 -0.5  0.   0. ]\n [-0.5  1.   0.   0.  -0.5]\n [-0.5  0.   2.  -0.5 -0.5]\n [ 0.   0.  -0.5  1.  -0.5]\n [ 0.  -0.5 -0.5 -0.5  1.5]]_3.5_0.08018429778896063_True'
Constructing QAOA Circuit
Total number of qubits in our circuit: 20
Check if HHL circuit already exists
Circuit exists. Circuit ID: 2
Constructing exp(ik|cos(x)|)
Check if QADC circuit already exists.
Exists. Circuit ID is 4
Sat Apr 22 19:08:10 +03 2023
print ==========================================
             JOBID PARTITION     NAME     USER ST       TIME  NODES NODELIST(REASON)
            674645   core40q     PINN   afarea  R   19:43:54      1 s217
print SLURM_JOB_ID = 674645
print SLURM_JOB_NODELIST = s217
print SLURM_SUBMIT_HOST = sariyer
print SLURM_SUBMIT_DIR = /okyanus/users/afarea/QUC032023/quc21042023/quc/QuantumUC-main
print SLURM_JOB_NUM_NODES = 1
print SLURM_CPUS_ON_NODE = 40
print SLURM_NTASKS = 28
print SLURM_NODEID = 0
print ==========================================
date: 
Sat Apr 22 19:08:10 +03 2023


[afarea@sariyer QuantumUC-main ]$ sacct -u afarea -l -j 674645
       JobID     JobIDRaw    JobName  Partition  MaxVMSize  MaxVMSizeNode  MaxVMSizeTask  AveVMSize     MaxRSS MaxRSSNode MaxRSSTask     AveRSS MaxPages MaxPagesNode   MaxPagesTask   AvePages     MinCPU MinCPUNode MinCPUTask     AveCPU   NTasks  AllocCPUS    Elapsed      State ExitCode AveCPUFreq ReqCPUFreqMin ReqCPUFreqMax ReqCPUFreqGov     ReqMem ConsumedEnergy  MaxDiskRead MaxDiskReadNode MaxDiskReadTask    AveDiskRead MaxDiskWrite MaxDiskWriteNode MaxDiskWriteTask   AveDiskWrite    AllocGRES      ReqGRES    ReqTRES  AllocTRES TRESUsageInAve TRESUsageInMax TRESUsageInMaxNode TRESUsageInMaxTask TRESUsageInMin TRESUsageInMinNode TRESUsageInMinTask TRESUsageInTot TRESUsageOutMax TRESUsageOutMaxNode TRESUsageOutMaxTask TRESUsageOutAve TRESUsageOutTot 
------------ ------------ ---------- ---------- ---------- -------------- -------------- ---------- ---------- ---------- ---------- ---------- -------- ------------ -------------- ---------- ---------- ---------- ---------- ---------- -------- ---------- ---------- ---------- -------- ---------- ------------- ------------- ------------- ---------- -------------- ------------ --------------- --------------- -------------- ------------ ---------------- ---------------- -------------- ------------ ------------ ---------- ---------- -------------- -------------- ------------------ ------------------ -------------- ------------------ ------------------ -------------- --------------- ------------------- ------------------- --------------- --------------- 
674645       674645             PINN    core40q                                                                                                                                                                                                              40   19:43:54  COMPLETED      0:0                  Unknown       Unknown       Unknown         0n                                                                                                                                           gpu:0,mic:0              billing=2+ billing=4+                                                                                                                                                                                                                                 
674645.batch 674645.batch      batch            195214904K           s217              0 195214904K 193017592K       s217          0 193017592K  2119767         s217              0    2119767   19:27:51       s217          0   19:27:51        1         40   19:43:54  COMPLETED      0:0         8K             0             0             0         0n              0      835.37M            s217               0        835.37M        0.18M             s217                0          0.18M  gpu:0,mic:0                         cpu=40,me+ cpu=19:27:51,+ cpu=19:27:51,+ cpu=s217,energy=s+ cpu=0,fs/disk=0,m+ cpu=19:27:51,+ cpu=s217,energy=s+ cpu=0,fs/disk=0,m+ cpu=19:27:51,+  fs/disk=193188        fs/disk=s217           fs/disk=0  fs/disk=193188  fs/disk=193188 
[afarea@sariyer QuantumUC-main ]$ 


