date :
Fri Apr 21 03:37:09 +03 2023
directory
/okyanus/users/afarea/QUC032023/quc21042023/quc/QuantumUC-main
slurm NNODES: 1 , NTASK: 28 ,  ntask per node:  ,cpu per task: 

['gen1', 'gen2', 'load2', 'load1']
[[ 3. -1.  0. -1.]
 [-1.  2. -1.  0.]
 [ 0. -1.  2. -1.]
 [-1.  0. -1.  2.]]
Check if QAOA circuit exists
'QAOA__2_2_[[2, 2], [1, 1], [-1, -0.75], [-1.5, -1]]_4_4_[5, 1]_[[1, 2], [1, 1]]_[[0. 1. 0. 1.]\n [1. 0. 1. 0.]\n [0. 1. 0. 1.]\n [1. 0. 1. 0.]]_[[ 3. -1.  0. -1.]\n [-1.  2. -1.  0.]\n [ 0. -1.  2. -1.]\n [-1.  0. -1.  2.]]_5.0_0.18644324808654034_True'
Constructing QAOA Circuit
Total number of qubits in our circuit: 17
Check if HHL circuit already exists
Circuit exists. Circuit ID: 0
Constructing exp(ik|cos(x)|)
Check if QADC circuit already exists.
'QADC_[2, 1, -1, -1.5]_[[ 3. -1.  0. -1.]\n [-1.  2. -1.  0.]\n [ 0. -1.  2. -1.]\n [-1.  0. -1.  2.]]_5.0_0.18644324808654034_4_4_(1, 1)'
Constructing QADC Circuit
           ┌───────────┐          
q0_0: ─────┤0          ├──────────
           │           │          
q0_1: ─────┤1          ├──────────
           │           │          
q0_2: ─────┤2          ├──────────
           │           │          
q0_3: ─────┤3          ├──────────
           │           │          
q0_4: ─────┤4          ├──────────
           │  hhl_circ │          
q0_5: ─────┤5          ├──────────
           │           │          
q0_6: ─────┤6          ├──────────
           │           │          
q0_7: ─────┤7          ├──────────
           │           │          
q0_8: ─────┤8          ├──────────
           │           │          
q0_9: ─────┤9          ├──────────
      ┌───┐└─────┬─────┘┌───┐┌───┐
  q2: ┤ H ├──────■──────┤ X ├┤ H ├
      └───┘             └───┘└───┘
           ┌──────────────────┐┌───┐       ┌───┐┌───────────────┐
q0_0: ─────┤0                 ├┤ X ├─■─────┤ X ├┤0              ├
           │                  │├───┤ │     ├───┤│               │
q0_1: ─────┤1                 ├┤ X ├─■─────┤ X ├┤1              ├
           │                  │├───┤ │     ├───┤│               │
q0_2: ─────┤2                 ├┤ X ├─■─────┤ X ├┤2              ├
           │                  │├───┤ │     ├───┤│               │
q0_3: ─────┤3                 ├┤ X ├─■─────┤ X ├┤3              ├
           │                  │├───┤ │     ├───┤│               │
q0_4: ─────┤4                 ├┤ X ├─■─────┤ X ├┤4              ├
           │                  │├───┤ │     ├───┤│               │
q0_5: ─────┤5  circuit-104_dg ├┤ X ├─■─────┤ X ├┤5  circuit-104 ├
           │                  │├───┤ │     ├───┤│               │
q0_6: ─────┤6                 ├┤ X ├─■─────┤ X ├┤6              ├
           │                  │├───┤ │     ├───┤│               │
q0_7: ─────┤7                 ├┤ X ├─■─────┤ X ├┤7              ├
           │                  │├───┤ │     ├───┤│               │
q0_8: ─────┤8                 ├┤ X ├─■─────┤ X ├┤8              ├
           │                  │├───┤ │     ├───┤│               │
q0_9: ─────┤9                 ├┤ X ├─■─────┤ X ├┤9              ├
      ┌───┐│                  │├───┤ │P(π) ├───┤│               │
  q2: ┤ Z ├┤10                ├┤ X ├─■─────┤ X ├┤10             ├
      └───┘└──────────────────┘└───┘       └───┘└───────────────┘
Constructing exp(ik|cos(x)|)
Check if QADC circuit already exists.
'QADC_[2, 1, -1, -1.5]_[[ 3. -1.  0. -1.]\n [-1.  2. -1.  0.]\n [ 0. -1.  2. -1.]\n [-1.  0. -1.  2.]]_5.0_0.18644324808654034_4_4_(2, 3)'
Constructing QADC Circuit
           ┌───────────┐          
q3_0: ─────┤0          ├──────────
           │           │          
q3_1: ─────┤1          ├──────────
           │           │          
q3_2: ─────┤2          ├──────────
           │           │          
q3_3: ─────┤3          ├──────────
           │           │          
q3_4: ─────┤4          ├──────────
           │  hhl_circ │          
q3_5: ─────┤5          ├──────────
           │           │          
q3_6: ─────┤6          ├──────────
           │           │          
q3_7: ─────┤7          ├──────────
           │           │          
q3_8: ─────┤8          ├──────────
           │           │          
q3_9: ─────┤9          ├──────────
      ┌───┐└─────┬─────┘┌───┐┌───┐
  q5: ┤ H ├──────■──────┤ X ├┤ H ├
      └───┘             └───┘└───┘
           ┌───────────────────────┐┌───┐       ┌───┐┌────────────────────┐
q3_0: ─────┤0                      ├┤ X ├─■─────┤ X ├┤0                   ├
           │                       │├───┤ │     ├───┤│                    │
q3_1: ─────┤1                      ├┤ X ├─■─────┤ X ├┤1                   ├
           │                       │├───┤ │     ├───┤│                    │
q3_2: ─────┤2                      ├┤ X ├─■─────┤ X ├┤2                   ├
           │                       │├───┤ │     ├───┤│                    │
q3_3: ─────┤3                      ├┤ X ├─■─────┤ X ├┤3                   ├
           │                       │├───┤ │     ├───┤│                    │
q3_4: ─────┤4                      ├┤ X ├─■─────┤ X ├┤4                   ├
           │                       │├───┤ │     ├───┤│                    │
q3_5: ─────┤5  circuit-18592309_dg ├┤ X ├─■─────┤ X ├┤5  circuit-18592309 ├
           │                       │├───┤ │     ├───┤│                    │
q3_6: ─────┤6                      ├┤ X ├─■─────┤ X ├┤6                   ├
           │                       │├───┤ │     ├───┤│                    │
q3_7: ─────┤7                      ├┤ X ├─■─────┤ X ├┤7                   ├
           │                       │├───┤ │     ├───┤│                    │
q3_8: ─────┤8                      ├┤ X ├─■─────┤ X ├┤8                   ├
           │                       │├───┤ │     ├───┤│                    │
q3_9: ─────┤9                      ├┤ X ├─■─────┤ X ├┤9                   ├
      ┌───┐│                       │├───┤ │P(π) ├───┤│                    │
  q5: ┤ Z ├┤10                     ├┤ X ├─■─────┤ X ├┤10                  ├
      └───┘└───────────────────────┘└───┘       └───┘└────────────────────┘
Constructing exp(ik|cos(x)|)
Check if QADC circuit already exists.
'QADC_[2, 1, -1, -1.5]_[[ 3. -1.  0. -1.]\n [-1.  2. -1.  0.]\n [ 0. -1.  2. -1.]\n [-1.  0. -1.  2.]]_5.0_0.18644324808654034_4_4_(3, 3)'
Constructing QADC Circuit
           ┌───────────┐          
q6_0: ─────┤0          ├──────────
           │           │          
q6_1: ─────┤1          ├──────────
           │           │          
q6_2: ─────┤2          ├──────────
           │           │          
q6_3: ─────┤3          ├──────────
           │           │          
q6_4: ─────┤4          ├──────────
           │  hhl_circ │          
q6_5: ─────┤5          ├──────────
           │           │          
q6_6: ─────┤6          ├──────────
           │           │          
q6_7: ─────┤7          ├──────────
           │           │          
q6_8: ─────┤8          ├──────────
           │           │          
q6_9: ─────┤9          ├──────────
      ┌───┐└─────┬─────┘┌───┐┌───┐
  q8: ┤ H ├──────■──────┤ X ├┤ H ├
      └───┘             └───┘└───┘
           ┌───────────────────────┐┌───┐       ┌───┐┌────────────────────┐
q6_0: ─────┤0                      ├┤ X ├─■─────┤ X ├┤0                   ├
           │                       │├───┤ │     ├───┤│                    │
q6_1: ─────┤1                      ├┤ X ├─■─────┤ X ├┤1                   ├
           │                       │├───┤ │     ├───┤│                    │
q6_2: ─────┤2                      ├┤ X ├─■─────┤ X ├┤2                   ├
           │                       │├───┤ │     ├───┤│                    │
q6_3: ─────┤3                      ├┤ X ├─■─────┤ X ├┤3                   ├
           │                       │├───┤ │     ├───┤│                    │
q6_4: ─────┤4                      ├┤ X ├─■─────┤ X ├┤4                   ├
           │                       │├───┤ │     ├───┤│                    │
q6_5: ─────┤5  circuit-37185703_dg ├┤ X ├─■─────┤ X ├┤5  circuit-37185703 ├
           │                       │├───┤ │     ├───┤│                    │
q6_6: ─────┤6                      ├┤ X ├─■─────┤ X ├┤6                   ├
           │                       │├───┤ │     ├───┤│                    │
q6_7: ─────┤7                      ├┤ X ├─■─────┤ X ├┤7                   ├
           │                       │├───┤ │     ├───┤│                    │
q6_8: ─────┤8                      ├┤ X ├─■─────┤ X ├┤8                   ├
           │                       │├───┤ │     ├───┤│                    │
q6_9: ─────┤9                      ├┤ X ├─■─────┤ X ├┤9                   ├
      ┌───┐│                       │├───┤ │P(π) ├───┤│                    │
  q8: ┤ Z ├┤10                     ├┤ X ├─■─────┤ X ├┤10                  ├
      └───┘└───────────────────────┘└───┘       └───┘└────────────────────┘
Constructing exp(ik|cos(x)|)
Check if QADC circuit already exists.
'QADC_[2, 1, -1, -1.5]_[[ 3. -1.  0. -1.]\n [-1.  2. -1.  0.]\n [ 0. -1.  2. -1.]\n [-1.  0. -1.  2.]]_5.0_0.18644324808654034_4_4_(3, 1)'
Constructing QADC Circuit
           ┌───────────┐          
q9_0: ─────┤0          ├──────────
           │           │          
q9_1: ─────┤1          ├──────────
           │           │          
q9_2: ─────┤2          ├──────────
           │           │          
q9_3: ─────┤3          ├──────────
           │           │          
q9_4: ─────┤4          ├──────────
           │  hhl_circ │          
q9_5: ─────┤5          ├──────────
           │           │          
q9_6: ─────┤6          ├──────────
           │           │          
q9_7: ─────┤7          ├──────────
           │           │          
q9_8: ─────┤8          ├──────────
           │           │          
q9_9: ─────┤9          ├──────────
      ┌───┐└─────┬─────┘┌───┐┌───┐
 q11: ┤ H ├──────■──────┤ X ├┤ H ├
      └───┘             └───┘└───┘
           ┌───────────────────────┐┌───┐       ┌───┐┌────────────────────┐
q9_0: ─────┤0                      ├┤ X ├─■─────┤ X ├┤0                   ├
           │                       │├───┤ │     ├───┤│                    │
q9_1: ─────┤1                      ├┤ X ├─■─────┤ X ├┤1                   ├
           │                       │├───┤ │     ├───┤│                    │
q9_2: ─────┤2                      ├┤ X ├─■─────┤ X ├┤2                   ├
           │                       │├───┤ │     ├───┤│                    │
q9_3: ─────┤3                      ├┤ X ├─■─────┤ X ├┤3                   ├
           │                       │├───┤ │     ├───┤│                    │
q9_4: ─────┤4                      ├┤ X ├─■─────┤ X ├┤4                   ├
           │                       │├───┤ │     ├───┤│                    │
q9_5: ─────┤5  circuit-55780319_dg ├┤ X ├─■─────┤ X ├┤5  circuit-55780319 ├
           │                       │├───┤ │     ├───┤│                    │
q9_6: ─────┤6                      ├┤ X ├─■─────┤ X ├┤6                   ├
           │                       │├───┤ │     ├───┤│                    │
q9_7: ─────┤7                      ├┤ X ├─■─────┤ X ├┤7                   ├
           │                       │├───┤ │     ├───┤│                    │
q9_8: ─────┤8                      ├┤ X ├─■─────┤ X ├┤8                   ├
           │                       │├───┤ │     ├───┤│                    │
q9_9: ─────┤9                      ├┤ X ├─■─────┤ X ├┤9                   ├
      ┌───┐│                       │├───┤ │P(π) ├───┤│                    │
 q11: ┤ Z ├┤10                     ├┤ X ├─■─────┤ X ├┤10                  ├
      └───┘└───────────────────────┘└───┘       └───┘└────────────────────┘
Check if HHL circuit already exists
'HHL_[2, 1, -0.75, -1]_[[ 3. -1.  0. -1.]\n [-1.  2. -1.  0.]\n [ 0. -1.  2. -1.]\n [-1.  0. -1.  2.]]_5.0_0.18644324808654034_4_3'
Constructing HHL Circuit
Initial B: [[ 3. -1.  0. -1.]
 [-1.  2. -1.  0.]
 [ 0. -1.  2. -1.]
 [-1.  0. -1.  2.]]
Final B: [[ 3.76991118 -1.25663706  0.         -1.25663706]
 [-1.25663706  2.51327412 -1.25663706  0.        ]
 [ 0.         -1.25663706  2.51327412 -1.25663706]
 [-1.25663706  0.         -1.25663706  2.51327412]]
B:
 [[ 3.76991118 -1.25663706  0.         -1.25663706]
 [-1.25663706  2.51327412 -1.25663706  0.        ]
 [ 0.         -1.25663706  2.51327412 -1.25663706]
 [-1.25663706  0.         -1.25663706  2.51327412]]

The hamiltonian actually being simulated
by the approximated evolution operator:
 [[ 3.69368958+1.17940349e-16j -1.23773558-2.63088818e-01j
  -0.03896687+4.55797853e-16j -1.26538732-8.23850422e-17j]
 [-1.23773558+2.63088818e-01j  2.55208436-1.87729357e-16j
  -1.22848709+2.61122991e-01j  0.03796214-8.06910193e-03j]
 [-0.03896687-8.82105411e-16j -1.22848709-2.61122991e-01j
   2.51187526-2.40549179e-16j -1.25593222+3.17879597e-16j]
 [-1.26538732-4.24629524e-16j  0.03796214+8.06910193e-03j
  -1.25593222-1.31989257e-16j  2.55208436+3.20770021e-16j]]

Constructing asin(1/(mx)) circuit
Length of untranspiled HHL 196
Transpiling HHL circuit for storage
Length of transpiled HHL 15541
Constructing exp(ik|cos(x)|)
Check if QADC circuit already exists.
'QADC_[2, 1, -0.75, -1]_[[ 3. -1.  0. -1.]\n [-1.  2. -1.  0.]\n [ 0. -1.  2. -1.]\n [-1.  0. -1.  2.]]_5.0_0.18644324808654034_4_4_(1, 1)'
Constructing QADC Circuit
            ┌───────────┐          
q30_0: ─────┤0          ├──────────
            │           │          
q30_1: ─────┤1          ├──────────
            │           │          
q30_2: ─────┤2          ├──────────
            │           │          
q30_3: ─────┤3          ├──────────
            │           │          
q30_4: ─────┤4          ├──────────
            │  hhl_circ │          
q30_5: ─────┤5          ├──────────
            │           │          
q30_6: ─────┤6          ├──────────
            │           │          
q30_7: ─────┤7          ├──────────
            │           │          
q30_8: ─────┤8          ├──────────
            │           │          
q30_9: ─────┤9          ├──────────
       ┌───┐└─────┬─────┘┌───┐┌───┐
  q32: ┤ H ├──────■──────┤ X ├┤ H ├
       └───┘             └───┘└───┘
            ┌───────────────────────┐┌───┐       ┌───┐┌────────────────────┐
q30_0: ─────┤0                      ├┤ X ├─■─────┤ X ├┤0                   ├
            │                       │├───┤ │     ├───┤│                    │
q30_1: ─────┤1                      ├┤ X ├─■─────┤ X ├┤1                   ├
            │                       │├───┤ │     ├───┤│                    │
q30_2: ─────┤2                      ├┤ X ├─■─────┤ X ├┤2                   ├
            │                       │├───┤ │     ├───┤│                    │
q30_3: ─────┤3                      ├┤ X ├─■─────┤ X ├┤3                   ├
            │                       │├───┤ │     ├───┤│                    │
q30_4: ─────┤4                      ├┤ X ├─■─────┤ X ├┤4                   ├
            │                       │├───┤ │     ├───┤│                    │
q30_5: ─────┤5  circuit-74376749_dg ├┤ X ├─■─────┤ X ├┤5  circuit-74376749 ├
            │                       │├───┤ │     ├───┤│                    │
q30_6: ─────┤6                      ├┤ X ├─■─────┤ X ├┤6                   ├
            │                       │├───┤ │     ├───┤│                    │
q30_7: ─────┤7                      ├┤ X ├─■─────┤ X ├┤7                   ├
            │                       │├───┤ │     ├───┤│                    │
q30_8: ─────┤8                      ├┤ X ├─■─────┤ X ├┤8                   ├
            │                       │├───┤ │     ├───┤│                    │
q30_9: ─────┤9                      ├┤ X ├─■─────┤ X ├┤9                   ├
       ┌───┐│                       │├───┤ │P(π) ├───┤│                    │
  q32: ┤ Z ├┤10                     ├┤ X ├─■─────┤ X ├┤10                  ├
       └───┘└───────────────────────┘└───┘       └───┘└────────────────────┘
Constructing exp(ik|cos(x)|)
Check if QADC circuit already exists.
'QADC_[2, 1, -0.75, -1]_[[ 3. -1.  0. -1.]\n [-1.  2. -1.  0.]\n [ 0. -1.  2. -1.]\n [-1.  0. -1.  2.]]_5.0_0.18644324808654034_4_4_(2, 3)'
Constructing QADC Circuit
            ┌───────────┐          
q33_0: ─────┤0          ├──────────
            │           │          
q33_1: ─────┤1          ├──────────
            │           │          
q33_2: ─────┤2          ├──────────
            │           │          
q33_3: ─────┤3          ├──────────
            │           │          
q33_4: ─────┤4          ├──────────
            │  hhl_circ │          
q33_5: ─────┤5          ├──────────
            │           │          
q33_6: ─────┤6          ├──────────
            │           │          
q33_7: ─────┤7          ├──────────
            │           │          
q33_8: ─────┤8          ├──────────
            │           │          
q33_9: ─────┤9          ├──────────
       ┌───┐└─────┬─────┘┌───┐┌───┐
  q35: ┤ H ├──────■──────┤ X ├┤ H ├
       └───┘             └───┘└───┘
            ┌───────────────────────┐┌───┐       ┌───┐┌────────────────────┐
q33_0: ─────┤0                      ├┤ X ├─■─────┤ X ├┤0                   ├
            │                       │├───┤ │     ├───┤│                    │
q33_1: ─────┤1                      ├┤ X ├─■─────┤ X ├┤1                   ├
            │                       │├───┤ │     ├───┤│                    │
q33_2: ─────┤2                      ├┤ X ├─■─────┤ X ├┤2                   ├
            │                       │├───┤ │     ├───┤│                    │
q33_3: ─────┤3                      ├┤ X ├─■─────┤ X ├┤3                   ├
            │                       │├───┤ │     ├───┤│                    │
q33_4: ─────┤4                      ├┤ X ├─■─────┤ X ├┤4                   ├
            │                       │├───┤ │     ├───┤│                    │
q33_5: ─────┤5  circuit-92968954_dg ├┤ X ├─■─────┤ X ├┤5  circuit-92968954 ├
            │                       │├───┤ │     ├───┤│                    │
q33_6: ─────┤6                      ├┤ X ├─■─────┤ X ├┤6                   ├
            │                       │├───┤ │     ├───┤│                    │
q33_7: ─────┤7                      ├┤ X ├─■─────┤ X ├┤7                   ├
            │                       │├───┤ │     ├───┤│                    │
q33_8: ─────┤8                      ├┤ X ├─■─────┤ X ├┤8                   ├
            │                       │├───┤ │     ├───┤│                    │
q33_9: ─────┤9                      ├┤ X ├─■─────┤ X ├┤9                   ├
       ┌───┐│                       │├───┤ │P(π) ├───┤│                    │
  q35: ┤ Z ├┤10                     ├┤ X ├─■─────┤ X ├┤10                  ├
       └───┘└───────────────────────┘└───┘       └───┘└────────────────────┘
Constructing exp(ik|cos(x)|)
Check if QADC circuit already exists.
'QADC_[2, 1, -0.75, -1]_[[ 3. -1.  0. -1.]\n [-1.  2. -1.  0.]\n [ 0. -1.  2. -1.]\n [-1.  0. -1.  2.]]_5.0_0.18644324808654034_4_4_(3, 3)'
Constructing QADC Circuit
            ┌───────────┐          
q36_0: ─────┤0          ├──────────
            │           │          
q36_1: ─────┤1          ├──────────
            │           │          
q36_2: ─────┤2          ├──────────
            │           │          
q36_3: ─────┤3          ├──────────
            │           │          
q36_4: ─────┤4          ├──────────
            │  hhl_circ │          
q36_5: ─────┤5          ├──────────
            │           │          
q36_6: ─────┤6          ├──────────
            │           │          
q36_7: ─────┤7          ├──────────
            │           │          
q36_8: ─────┤8          ├──────────
            │           │          
q36_9: ─────┤9          ├──────────
       ┌───┐└─────┬─────┘┌───┐┌───┐
  q38: ┤ H ├──────■──────┤ X ├┤ H ├
       └───┘             └───┘└───┘
            ┌────────────────────────┐┌───┐       ┌───┐┌─────────────────────┐
q36_0: ─────┤0                       ├┤ X ├─■─────┤ X ├┤0                    ├
            │                        │├───┤ │     ├───┤│                     │
q36_1: ─────┤1                       ├┤ X ├─■─────┤ X ├┤1                    ├
            │                        │├───┤ │     ├───┤│                     │
q36_2: ─────┤2                       ├┤ X ├─■─────┤ X ├┤2                    ├
            │                        │├───┤ │     ├───┤│                     │
q36_3: ─────┤3                       ├┤ X ├─■─────┤ X ├┤3                    ├
            │                        │├───┤ │     ├───┤│                     │
q36_4: ─────┤4                       ├┤ X ├─■─────┤ X ├┤4                    ├
            │                        │├───┤ │     ├───┤│                     │
q36_5: ─────┤5  circuit-111562348_dg ├┤ X ├─■─────┤ X ├┤5  circuit-111562348 ├
            │                        │├───┤ │     ├───┤│                     │
q36_6: ─────┤6                       ├┤ X ├─■─────┤ X ├┤6                    ├
            │                        │├───┤ │     ├───┤│                     │
q36_7: ─────┤7                       ├┤ X ├─■─────┤ X ├┤7                    ├
            │                        │├───┤ │     ├───┤│                     │
q36_8: ─────┤8                       ├┤ X ├─■─────┤ X ├┤8                    ├
            │                        │├───┤ │     ├───┤│                     │
q36_9: ─────┤9                       ├┤ X ├─■─────┤ X ├┤9                    ├
       ┌───┐│                        │├───┤ │P(π) ├───┤│                     │
  q38: ┤ Z ├┤10                      ├┤ X ├─■─────┤ X ├┤10                   ├
       └───┘└────────────────────────┘└───┘       └───┘└─────────────────────┘
Constructing exp(ik|cos(x)|)
Check if QADC circuit already exists.
'QADC_[2, 1, -0.75, -1]_[[ 3. -1.  0. -1.]\n [-1.  2. -1.  0.]\n [ 0. -1.  2. -1.]\n [-1.  0. -1.  2.]]_5.0_0.18644324808654034_4_4_(3, 1)'
Constructing QADC Circuit
            ┌───────────┐          
q39_0: ─────┤0          ├──────────
            │           │          
q39_1: ─────┤1          ├──────────
            │           │          
q39_2: ─────┤2          ├──────────
            │           │          
q39_3: ─────┤3          ├──────────
            │           │          
q39_4: ─────┤4          ├──────────
            │  hhl_circ │          
q39_5: ─────┤5          ├──────────
            │           │          
q39_6: ─────┤6          ├──────────
            │           │          
q39_7: ─────┤7          ├──────────
            │           │          
q39_8: ─────┤8          ├──────────
            │           │          
q39_9: ─────┤9          ├──────────
       ┌───┐└─────┬─────┘┌───┐┌───┐
  q41: ┤ H ├──────■──────┤ X ├┤ H ├
       └───┘             └───┘└───┘
            ┌────────────────────────┐┌───┐       ┌───┐┌─────────────────────┐
q39_0: ─────┤0                       ├┤ X ├─■─────┤ X ├┤0                    ├
            │                        │├───┤ │     ├───┤│                     │
q39_1: ─────┤1                       ├┤ X ├─■─────┤ X ├┤1                    ├
            │                        │├───┤ │     ├───┤│                     │
q39_2: ─────┤2                       ├┤ X ├─■─────┤ X ├┤2                    ├
            │                        │├───┤ │     ├───┤│                     │
q39_3: ─────┤3                       ├┤ X ├─■─────┤ X ├┤3                    ├
            │                        │├───┤ │     ├───┤│                     │
q39_4: ─────┤4                       ├┤ X ├─■─────┤ X ├┤4                    ├
            │                        │├───┤ │     ├───┤│                     │
q39_5: ─────┤5  circuit-130156964_dg ├┤ X ├─■─────┤ X ├┤5  circuit-130156964 ├
            │                        │├───┤ │     ├───┤│                     │
q39_6: ─────┤6                       ├┤ X ├─■─────┤ X ├┤6                    ├
            │                        │├───┤ │     ├───┤│                     │
q39_7: ─────┤7                       ├┤ X ├─■─────┤ X ├┤7                    ├
            │                        │├───┤ │     ├───┤│                     │
q39_8: ─────┤8                       ├┤ X ├─■─────┤ X ├┤8                    ├
            │                        │├───┤ │     ├───┤│                     │
q39_9: ─────┤9                       ├┤ X ├─■─────┤ X ├┤9                    ├
       ┌───┐│                        │├───┤ │P(π) ├───┤│                     │
  q41: ┤ Z ├┤10                      ├┤ X ├─■─────┤ X ├┤10                   ├
       └───┘└────────────────────────┘└───┘       └───┘└─────────────────────┘
Parameters of qc:  ParameterView([ParameterVectorElement(p[0]), ParameterVectorElement(p[3])])
Parameters of qc:  ParameterView([ParameterVectorElement(p[1]), ParameterVectorElement(p[4])])
Parameters of qc:  ParameterView([ParameterVectorElement(p[2]), ParameterVectorElement(p[5])])
Parameters of qc_total:  ParameterView([ParameterVectorElement(p[0]), ParameterVectorElement(p[1]), ParameterVectorElement(p[2]), ParameterVectorElement(p[3]), ParameterVectorElement(p[4]), ParameterVectorElement(p[5])])
Created circuit
{   'fun': 33892.0,
    'jac': None,
    'nfev': 2000,
    'nit': 1000,
    'njev': None,
    'x': array([ 3.16988444,  2.02390099, -6.52310971, -2.60818192, -2.00912527,
        3.16903626])}
Running circuit with ideal parameters:
Cost is 33737.0
Top three optimal solutions from QAOA:
01 11 Counts: 425
01 01 Counts: 222
10 01 Counts: 202
{'00 00': 76, '11 10': 425, '00 01': 21, '11 11': 187, '10 11': 198, '01 11': 51, '00 11': 83, '01 10': 62, '10 00': 66, '11 00': 126, '01 01': 36, '10 01': 202, '01 00': 105, '10 10': 222, '00 10': 58, '11 01': 130}
Top three optimal solutions actual:
11 10 Cost: 16.75
11 11 Cost: 16.75
00 10 Cost: 27.25
Fri Apr 21 15:28:40 +03 2023
print ==========================================
             JOBID PARTITION     NAME     USER ST       TIME  NODES NODELIST(REASON)
            674048   core40q     PINN   afarea  R   11:51:39      1 s218
print SLURM_JOB_ID = 674048
print SLURM_JOB_NODELIST = s218
print SLURM_SUBMIT_HOST = sariyer
print SLURM_SUBMIT_DIR = /okyanus/users/afarea/QUC032023/quc21042023/quc/QuantumUC-main
print SLURM_JOB_NUM_NODES = 1
print SLURM_CPUS_ON_NODE = 40
print SLURM_NTASKS = 28
print SLURM_NODEID = 0
print ==========================================
date: 
Fri Apr 21 15:28:40 +03 2023
