date :
Thu Mar  2 01:25:06 +03 2023
directory
/y/x/afarea/QUC032023/QuantumUC-main
slurm NNODES: 1 , NTASK: 1 ,  ntask per node:  ,cpu per task: 

/y/x/afarea/anaconda3_2021/bin/pip
Requirement already satisfied: pexpect in /y/x/afarea/anaconda3_2021/lib/python3.8/site-packages (4.8.0)
Requirement already satisfied: ptyprocess>=0.5 in /y/x/afarea/anaconda3_2021/lib/python3.8/site-packages (from pexpect) (0.7.0)
[0.33 0.66 1.   1.   0.66 0.33]
layer_index 0
params p, ['p[0]', 'p[1]', 'p[2]', 'p[3]', 'p[4]', 'p[5]']
Constructing HHL Circuit
Initial B: [[ 3. -1. -1.]
 [-1.  1.  0.]
 [-1.  0.  1.]]
Final B: [[ 1.         -0.62831853 -0.62831853  0.        ]
 [-0.62831853  0.62831853  0.          0.        ]
 [-0.62831853  0.          0.62831853  0.        ]
 [ 0.          0.          0.          0.        ]]
0.0 * II
Constructing asin(x^-1) circuit
Constructing exp(k|cos(x)|)
           ┌─────────────┐          
q8_0: ─────┤0            ├──────────
           │             │          
q8_1: ─────┤1            ├──────────
           │             │          
q8_2: ─────┤2            ├──────────
           │             │          
q8_3: ─────┤3            ├──────────
           │             │          
q8_4: ─────┤4            ├──────────
           │  circuit-99 │          
q8_5: ─────┤5            ├──────────
           │             │          
q8_6: ─────┤6            ├──────────
           │             │          
q8_7: ─────┤7            ├──────────
           │             │          
q8_8: ─────┤8            ├──────────
           │             │          
q8_9: ─────┤9            ├──────────
      ┌───┐└──────┬──────┘┌───┐┌───┐
 q10: ┤ H ├───────■───────┤ X ├┤ H ├
      └───┘               └───┘└───┘
           ┌───────────────────┐┌───┐       ┌───┐┌────────────────┐
q8_0: ─────┤0                  ├┤ X ├─■─────┤ X ├┤0               ├
           │                   │├───┤ │     ├───┤│                │
q8_1: ─────┤1                  ├┤ X ├─■─────┤ X ├┤1               ├
           │                   │├───┤ │     ├───┤│                │
q8_2: ─────┤2                  ├┤ X ├─■─────┤ X ├┤2               ├
           │                   │├───┤ │     ├───┤│                │
q8_3: ─────┤3                  ├┤ X ├─■─────┤ X ├┤3               ├
           │                   │├───┤ │     ├───┤│                │
q8_4: ─────┤4                  ├┤ X ├─■─────┤ X ├┤4               ├
           │                   │├───┤ │     ├───┤│                │
q8_5: ─────┤5  circuit-1518_dg ├┤ X ├─■─────┤ X ├┤5  circuit-1518 ├
           │                   │├───┤ │     ├───┤│                │
q8_6: ─────┤6                  ├┤ X ├─■─────┤ X ├┤6               ├
           │                   │├───┤ │     ├───┤│                │
q8_7: ─────┤7                  ├┤ X ├─■─────┤ X ├┤7               ├
           │                   │├───┤ │     ├───┤│                │
q8_8: ─────┤8                  ├┤ X ├─■─────┤ X ├┤8               ├
           │                   │├───┤ │     ├───┤│                │
q8_9: ─────┤9                  ├┤ X ├─■─────┤ X ├┤9               ├
      ┌───┐│                   │├───┤ │P(π) ├───┤│                │
 q10: ┤ Z ├┤10                 ├┤ X ├─■─────┤ X ├┤10              ├
      └───┘└───────────────────┘└───┘       └───┘└────────────────┘
Constructing exp(k|cos(x)|)
             ┌─────────────┐          
q308_0: ─────┤0            ├──────────
             │             │          
q308_1: ─────┤1            ├──────────
             │             │          
q308_2: ─────┤2            ├──────────
             │             │          
q308_3: ─────┤3            ├──────────
             │             │          
q308_4: ─────┤4            ├──────────
             │  circuit-99 │          
q308_5: ─────┤5            ├──────────
             │             │          
q308_6: ─────┤6            ├──────────
             │             │          
q308_7: ─────┤7            ├──────────
             │             │          
q308_8: ─────┤8            ├──────────
             │             │          
q308_9: ─────┤9            ├──────────
        ┌───┐└──────┬──────┘┌───┐┌───┐
  q310: ┤ H ├───────■───────┤ X ├┤ H ├
        └───┘               └───┘└───┘
             ┌───────────────────────┐┌───┐       ┌───┐┌────────────────────┐
q308_0: ─────┤0                      ├┤ X ├─■─────┤ X ├┤0                   ├
             │                       │├───┤ │     ├───┤│                    │
q308_1: ─────┤1                      ├┤ X ├─■─────┤ X ├┤1                   ├
             │                       │├───┤ │     ├───┤│                    │
q308_2: ─────┤2                      ├┤ X ├─■─────┤ X ├┤2                   ├
             │                       │├───┤ │     ├───┤│                    │
q308_3: ─────┤3                      ├┤ X ├─■─────┤ X ├┤3                   ├
             │                       │├───┤ │     ├───┤│                    │
q308_4: ─────┤4                      ├┤ X ├─■─────┤ X ├┤4                   ├
             │                       │├───┤ │     ├───┤│                    │
q308_5: ─────┤5  circuit-26590861_dg ├┤ X ├─■─────┤ X ├┤5  circuit-26590861 ├
             │                       │├───┤ │     ├───┤│                    │
q308_6: ─────┤6                      ├┤ X ├─■─────┤ X ├┤6                   ├
             │                       │├───┤ │     ├───┤│                    │
q308_7: ─────┤7                      ├┤ X ├─■─────┤ X ├┤7                   ├
             │                       │├───┤ │     ├───┤│                    │
q308_8: ─────┤8                      ├┤ X ├─■─────┤ X ├┤8                   ├
             │                       │├───┤ │     ├───┤│                    │
q308_9: ─────┤9                      ├┤ X ├─■─────┤ X ├┤9                   ├
        ┌───┐│                       │├───┤ │P(π) ├───┤│                    │
  q310: ┤ Z ├┤10                     ├┤ X ├─■─────┤ X ├┤10                  ├
        └───┘└───────────────────────┘└───┘       └───┘└────────────────────┘
Constructing HHL Circuit
Initial B: [[ 3. -1. -1.]
 [-1.  1.  0.]
 [-1.  0.  1.]]
Final B: [[ 1.         -0.62831853 -0.62831853  0.        ]
 [-0.62831853  0.62831853  0.          0.        ]
 [-0.62831853  0.          0.62831853  0.        ]
 [ 0.          0.          0.          0.        ]]
0.0 * II
Constructing asin(x^-1) circuit
Constructing exp(k|cos(x)|)
             ┌───────────────────┐          
q608_0: ─────┤0                  ├──────────
             │                   │          
q608_1: ─────┤1                  ├──────────
             │                   │          
q608_2: ─────┤2                  ├──────────
             │                   │          
q608_3: ─────┤3                  ├──────────
             │                   │          
q608_4: ─────┤4                  ├──────────
             │  circuit-53181391 │          
q608_5: ─────┤5                  ├──────────
             │                   │          
q608_6: ─────┤6                  ├──────────
             │                   │          
q608_7: ─────┤7                  ├──────────
             │                   │          
q608_8: ─────┤8                  ├──────────
             │                   │          
q608_9: ─────┤9                  ├──────────
        ┌───┐└─────────┬─────────┘┌───┐┌───┐
  q610: ┤ H ├──────────■──────────┤ X ├┤ H ├
        └───┘                     └───┘└───┘
             ┌───────────────────────┐┌───┐       ┌───┐┌────────────────────┐
q608_0: ─────┤0                      ├┤ X ├─■─────┤ X ├┤0                   ├
             │                       │├───┤ │     ├───┤│                    │
q608_1: ─────┤1                      ├┤ X ├─■─────┤ X ├┤1                   ├
             │                       │├───┤ │     ├───┤│                    │
q608_2: ─────┤2                      ├┤ X ├─■─────┤ X ├┤2                   ├
             │                       │├───┤ │     ├───┤│                    │
q608_3: ─────┤3                      ├┤ X ├─■─────┤ X ├┤3                   ├
             │                       │├───┤ │     ├───┤│                    │
q608_4: ─────┤4                      ├┤ X ├─■─────┤ X ├┤4                   ├
             │                       │├───┤ │     ├───┤│                    │
q608_5: ─────┤5  circuit-53182810_dg ├┤ X ├─■─────┤ X ├┤5  circuit-53182810 ├
             │                       │├───┤ │     ├───┤│                    │
q608_6: ─────┤6                      ├┤ X ├─■─────┤ X ├┤6                   ├
             │                       │├───┤ │     ├───┤│                    │
q608_7: ─────┤7                      ├┤ X ├─■─────┤ X ├┤7                   ├
             │                       │├───┤ │     ├───┤│                    │
q608_8: ─────┤8                      ├┤ X ├─■─────┤ X ├┤8                   ├
             │                       │├───┤ │     ├───┤│                    │
q608_9: ─────┤9                      ├┤ X ├─■─────┤ X ├┤9                   ├
        ┌───┐│                       │├───┤ │P(π) ├───┤│                    │
  q610: ┤ Z ├┤10                     ├┤ X ├─■─────┤ X ├┤10                  ├
        └───┘└───────────────────────┘└───┘       └───┘└────────────────────┘
Constructing exp(k|cos(x)|)
             ┌───────────────────┐          
q908_0: ─────┤0                  ├──────────
             │                   │          
q908_1: ─────┤1                  ├──────────
             │                   │          
q908_2: ─────┤2                  ├──────────
             │                   │          
q908_3: ─────┤3                  ├──────────
             │                   │          
q908_4: ─────┤4                  ├──────────
             │  circuit-53181391 │          
q908_5: ─────┤5                  ├──────────
             │                   │          
q908_6: ─────┤6                  ├──────────
             │                   │          
q908_7: ─────┤7                  ├──────────
             │                   │          
q908_8: ─────┤8                  ├──────────
             │                   │          
q908_9: ─────┤9                  ├──────────
        ┌───┐└─────────┬─────────┘┌───┐┌───┐
  q910: ┤ H ├──────────■──────────┤ X ├┤ H ├
        └───┘                     └───┘└───┘
             ┌───────────────────────┐┌───┐       ┌───┐┌────────────────────┐
q908_0: ─────┤0                      ├┤ X ├─■─────┤ X ├┤0                   ├
             │                       │├───┤ │     ├───┤│                    │
q908_1: ─────┤1                      ├┤ X ├─■─────┤ X ├┤1                   ├
             │                       │├───┤ │     ├───┤│                    │
q908_2: ─────┤2                      ├┤ X ├─■─────┤ X ├┤2                   ├
             │                       │├───┤ │     ├───┤│                    │
q908_3: ─────┤3                      ├┤ X ├─■─────┤ X ├┤3                   ├
             │                       │├───┤ │     ├───┤│                    │
q908_4: ─────┤4                      ├┤ X ├─■─────┤ X ├┤4                   ├
             │                       │├───┤ │     ├───┤│                    │
q908_5: ─────┤5  circuit-79772153_dg ├┤ X ├─■─────┤ X ├┤5  circuit-79772153 ├
             │                       │├───┤ │     ├───┤│                    │
q908_6: ─────┤6                      ├┤ X ├─■─────┤ X ├┤6                   ├
             │                       │├───┤ │     ├───┤│                    │
q908_7: ─────┤7                      ├┤ X ├─■─────┤ X ├┤7                   ├
             │                       │├───┤ │     ├───┤│                    │
q908_8: ─────┤8                      ├┤ X ├─■─────┤ X ├┤8                   ├
             │                       │├───┤ │     ├───┤│                    │
q908_9: ─────┤9                      ├┤ X ├─■─────┤ X ├┤9                   ├
        ┌───┐│                       │├───┤ │P(π) ├───┤│                    │
  q910: ┤ Z ├┤10                     ├┤ X ├─■─────┤ X ├┤10                  ├
        └───┘└───────────────────────┘└───┘       └───┘└────────────────────┘

[afarea@sariyer QuantumUC-main ]$ sacct -u afarea -l -j 662708
       JobID     JobIDRaw    JobName  Partition  MaxVMSize  MaxVMSizeNode  MaxVMSizeTask  AveVMSize     MaxRSS MaxRSSNode MaxRSSTask     AveRSS MaxPages MaxPagesNode   MaxPagesTask   AvePages     MinCPU MinCPUNode MinCPUTask     AveCPU   NTasks  AllocCPUS    Elapsed      State ExitCode AveCPUFreq ReqCPUFreqMin ReqCPUFreqMax ReqCPUFreqGov     ReqMem ConsumedEnergy  MaxDiskRead MaxDiskReadNode MaxDiskReadTask    AveDiskRead MaxDiskWrite MaxDiskWriteNode MaxDiskWriteTask   AveDiskWrite    AllocGRES      ReqGRES    ReqTRES  AllocTRES TRESUsageInAve TRESUsageInMax TRESUsageInMaxNode TRESUsageInMaxTask TRESUsageInMin TRESUsageInMinNode TRESUsageInMinTask TRESUsageInTot TRESUsageOutMax TRESUsageOutMaxNode TRESUsageOutMaxTask TRESUsageOutAve TRESUsageOutTot 
------------ ------------ ---------- ---------- ---------- -------------- -------------- ---------- ---------- ---------- ---------- ---------- -------- ------------ -------------- ---------- ---------- ---------- ---------- ---------- -------- ---------- ---------- ---------- -------- ---------- ------------- ------------- ------------- ---------- -------------- ------------ --------------- --------------- -------------- ------------ ---------------- ---------------- -------------- ------------ ------------ ---------- ---------- -------------- -------------- ------------------ ------------------ -------------- ------------------ ------------------ -------------- --------------- ------------------- ------------------- --------------- --------------- 
662708       662708             PINN    core40q                                                                                                                                                                                                              40   08:52:44  COMPLETED      0:0                  Unknown       Unknown       Unknown         0n                                                                                                                                           gpu:0,mic:0              billing=1+ billing=4+                                                                                                                                                                                                                                 
662708.batch 662708.batch      batch             29210716K           s218              0  29210716K  28633392K       s218          0  28633392K        0         s218              0          0   08:51:03       s218          0   08:51:03        1         40   08:52:44  COMPLETED      0:0       106K             0             0             0         0n              0       50.67M            s218               0         50.67M        0.19M             s218                0          0.19M  gpu:0,mic:0                         cpu=40,me+ cpu=08:51:03,+ cpu=08:51:03,+ cpu=s218,energy=s+ cpu=0,fs/disk=0,m+ cpu=08:51:03,+ cpu=s218,energy=s+ cpu=0,fs/disk=0,m+ cpu=08:51:03,+  fs/disk=203620        fs/disk=s218           fs/disk=0  fs/disk=203620  fs/disk=203620 
[afarea@sariyer QuantumUC-main ]$ 


Thu Mar  2 10:17:44 +03 2023
print ==========================================
             JOBID PARTITION     NAME     USER ST       TIME  NODES NODELIST(REASON)
            662708   core40q     PINN   afarea  R    8:52:44      1 s218
print SLURM_JOB_ID = 662708
print SLURM_JOB_NODELIST = s218
print SLURM_SUBMIT_HOST = sariyer
print SLURM_SUBMIT_DIR = /y/x/afarea/QUC032023/QuantumUC-main
print SLURM_JOB_NUM_NODES = 1
print SLURM_CPUS_ON_NODE = 40
print SLURM_NTASKS = 1
print SLURM_NODEID = 0
print ==========================================
date: 
Thu Mar  2 10:17:44 +03 2023
