date :
Sun Mar 19 02:12:23 +03 2023
directory
/okyanus/users/afarea/QUC032023/QUC4/QuantumUC-main
slurm NNODES: 1 , NTASK: 28 ,  ntask per node:  ,cpu per task: 

['gen1', 'gen2', 'load2', 'load1']
[[ 3. -1.  0. -1.]
 [-1.  2. -1.  0.]
 [ 0. -1.  2. -1.]
 [-1.  0. -1.  2.]]
Check if QAOA circuit eists
'QAOA__2_2_[[2, 2], [1, 1], [-1, 0], [-1.5, -1]]_4_4_[5, 1]_[[1, 2], [1, 1]]_[[0. 1. 0. 1.]\n [1. 0. 1. 0.]\n [0. 1. 0. 1.]\n [1. 0. 1. 0.]]_[[ 3. -1.  0. -1.]\n [-1.  2. -1.  0.]\n [ 0. -1.  2. -1.]\n [-1.  0. -1.  2.]]_5.0_0.18644324808654034_True'
Constructing QAOA Circuit
Total number of qubits in our circuit: 17
Check if HHL circuit already eists
Circuit eists. Circuit ID: 0
Constructing ep(ik|cos()|)
Check if QADC circuit already eists.
Eists. Circuit ID is 1
Constructing ep(ik|cos()|)
Check if QADC circuit already eists.
'QADC_[2, 1, -1, -1.5]_[[ 3. -1.  0. -1.]\n [-1.  2. -1.  0.]\n [ 0. -1.  2. -1.]\n [-1.  0. -1.  2.]]_5.0_0.18644324808654034_4_4_(2, 3)'
Constructing QADC Circuit
              ┌──────────────┐          
q8370_0: ─────┤0             ├──────────
              │              │          
q8370_1: ─────┤1             ├──────────
              │              │          
q8370_2: ─────┤2             ├──────────
              │              │          
q8370_3: ─────┤3             ├──────────
              │              │          
q8370_4: ─────┤4             ├──────────
              │  circuit-100 │          
q8370_5: ─────┤5             ├──────────
              │              │          
q8370_6: ─────┤6             ├──────────
              │              │          
q8370_7: ─────┤7             ├──────────
              │              │          
q8370_8: ─────┤8             ├──────────
              │              │          
q8370_9: ─────┤9             ├──────────
         ┌───┐└──────┬───────┘┌───┐┌───┐
  q8372: ┤ H ├───────■────────┤  ├┤ H ├
         └───┘                └───┘└───┘
              ┌───────────────────────┐┌───┐       ┌───┐┌────────────────────┐
q8370_0: ─────┤0                      ├┤  ├─■─────┤  ├┤0                   ├
              │                       │├───┤ │     ├───┤│                    │
q8370_1: ─────┤1                      ├┤  ├─■─────┤  ├┤1                   ├
              │                       │├───┤ │     ├───┤│                    │
q8370_2: ─────┤2                      ├┤  ├─■─────┤  ├┤2                   ├
              │                       │├───┤ │     ├───┤│                    │
q8370_3: ─────┤3                      ├┤  ├─■─────┤  ├┤3                   ├
              │                       │├───┤ │     ├───┤│                    │
q8370_4: ─────┤4                      ├┤  ├─■─────┤  ├┤4                   ├
              │                       │├───┤ │     ├───┤│                    │
q8370_5: ─────┤5  circuit-17237460_dg ├┤  ├─■─────┤  ├┤5  circuit-17237460 ├
              │                       │├───┤ │     ├───┤│                    │
q8370_6: ─────┤6                      ├┤  ├─■─────┤  ├┤6                   ├
              │                       │├───┤ │     ├───┤│                    │
q8370_7: ─────┤7                      ├┤  ├─■─────┤  ├┤7                   ├
              │                       │├───┤ │     ├───┤│                    │
q8370_8: ─────┤8                      ├┤  ├─■─────┤  ├┤8                   ├
              │                       │├───┤ │     ├───┤│                    │
q8370_9: ─────┤9                      ├┤  ├─■─────┤  ├┤9                   ├
         ┌───┐│                       │├───┤ │P(π) ├───┤│                    │
  q8372: ┤ Z ├┤10                     ├┤  ├─■─────┤  ├┤10                  ├
         └───┘└───────────────────────┘└───┘       └───┘└────────────────────┘
Constructing ep(ik|cos()|)
Check if QADC circuit already eists.
'QADC_[2, 1, -1, -1.5]_[[ 3. -1.  0. -1.]\n [-1.  2. -1.  0.]\n [ 0. -1.  2. -1.]\n [-1.  0. -1.  2.]]_5.0_0.18644324808654034_4_4_(3, 3)'
Constructing QADC Circuit
               ┌──────────────┐          
q17283_0: ─────┤0             ├──────────
               │              │          
q17283_1: ─────┤1             ├──────────
               │              │          
q17283_2: ─────┤2             ├──────────
               │              │          
q17283_3: ─────┤3             ├──────────
               │              │          
q17283_4: ─────┤4             ├──────────
               │  circuit-100 │          
q17283_5: ─────┤5             ├──────────
               │              │          
q17283_6: ─────┤6             ├──────────
               │              │          
q17283_7: ─────┤7             ├──────────
               │              │          
q17283_8: ─────┤8             ├──────────
               │              │          
q17283_9: ─────┤9             ├──────────
          ┌───┐└──────┬───────┘┌───┐┌───┐
  q17285: ┤ H ├───────■────────┤  ├┤ H ├
          └───┘                └───┘└───┘
               ┌───────────────────────┐┌───┐       ┌───┐┌────────────────────┐
q17283_0: ─────┤0                      ├┤  ├─■─────┤  ├┤0                   ├
               │                       │├───┤ │     ├───┤│                    │
q17283_1: ─────┤1                      ├┤  ├─■─────┤  ├┤1                   ├
               │                       │├───┤ │     ├───┤│                    │
q17283_2: ─────┤2                      ├┤  ├─■─────┤  ├┤2                   ├
               │                       │├───┤ │     ├───┤│                    │
q17283_3: ─────┤3                      ├┤  ├─■─────┤  ├┤3                   ├
               │                       │├───┤ │     ├───┤│                    │
q17283_4: ─────┤4                      ├┤  ├─■─────┤  ├┤4                   ├
               │                       │├───┤ │     ├───┤│                    │
q17283_5: ─────┤5  circuit-35622862_dg ├┤  ├─■─────┤  ├┤5  circuit-35622862 ├
               │                       │├───┤ │     ├───┤│                    │
q17283_6: ─────┤6                      ├┤  ├─■─────┤  ├┤6                   ├
               │                       │├───┤ │     ├───┤│                    │
q17283_7: ─────┤7                      ├┤  ├─■─────┤  ├┤7                   ├
               │                       │├───┤ │     ├───┤│                    │
q17283_8: ─────┤8                      ├┤  ├─■─────┤  ├┤8                   ├
               │                       │├───┤ │     ├───┤│                    │
q17283_9: ─────┤9                      ├┤  ├─■─────┤  ├┤9                   ├
          ┌───┐│                       │├───┤ │P(π) ├───┤│                    │
  q17285: ┤ Z ├┤10                     ├┤  ├─■─────┤  ├┤10                  ├
          └───┘└───────────────────────┘└───┘       └───┘└────────────────────┘
Constructing ep(ik|cos()|)
Check if QADC circuit already eists.
'QADC_[2, 1, -1, -1.5]_[[ 3. -1.  0. -1.]\n [-1.  2. -1.  0.]\n [ 0. -1.  2. -1.]\n [-1.  0. -1.  2.]]_5.0_0.18644324808654034_4_4_(3, 1)'
Constructing QADC Circuit
               ┌──────────────┐          
q26196_0: ─────┤0             ├──────────
               │              │          
q26196_1: ─────┤1             ├──────────
               │              │          
q26196_2: ─────┤2             ├──────────
               │              │          
q26196_3: ─────┤3             ├──────────
               │              │          
q26196_4: ─────┤4             ├──────────
               │  circuit-100 │          
q26196_5: ─────┤5             ├──────────
               │              │          
q26196_6: ─────┤6             ├──────────
               │              │          
q26196_7: ─────┤7             ├──────────
               │              │          
q26196_8: ─────┤8             ├──────────
               │              │          
q26196_9: ─────┤9             ├──────────
          ┌───┐└──────┬───────┘┌───┐┌───┐
  q26198: ┤ H ├───────■────────┤  ├┤ H ├
          └───┘                └───┘└───┘
               ┌───────────────────────┐┌───┐       ┌───┐┌────────────────────┐
q26196_0: ─────┤0                      ├┤  ├─■─────┤  ├┤0                   ├
               │                       │├───┤ │     ├───┤│                    │
q26196_1: ─────┤1                      ├┤  ├─■─────┤  ├┤1                   ├
               │                       │├───┤ │     ├───┤│                    │
q26196_2: ─────┤2                      ├┤  ├─■─────┤  ├┤2                   ├
               │                       │├───┤ │     ├───┤│                    │
q26196_3: ─────┤3                      ├┤  ├─■─────┤  ├┤3                   ├
               │                       │├───┤ │     ├───┤│                    │
q26196_4: ─────┤4                      ├┤  ├─■─────┤  ├┤4                   ├
               │                       │├───┤ │     ├───┤│                    │
q26196_5: ─────┤5  circuit-54009486_dg ├┤  ├─■─────┤  ├┤5  circuit-54009486 ├
               │                       │├───┤ │     ├───┤│                    │
q26196_6: ─────┤6                      ├┤  ├─■─────┤  ├┤6                   ├
               │                       │├───┤ │     ├───┤│                    │
q26196_7: ─────┤7                      ├┤  ├─■─────┤  ├┤7                   ├
               │                       │├───┤ │     ├───┤│                    │
q26196_8: ─────┤8                      ├┤  ├─■─────┤  ├┤8                   ├
               │                       │├───┤ │     ├───┤│                    │
q26196_9: ─────┤9                      ├┤  ├─■─────┤  ├┤9                   ├
          ┌───┐│                       │├───┤ │P(π) ├───┤│                    │
  q26198: ┤ Z ├┤10                     ├┤  ├─■─────┤  ├┤10                  ├
          └───┘└───────────────────────┘└───┘       └───┘└────────────────────┘
Check if HHL circuit already eists
'HHL_[2, 1, 0, -1]_[[ 3. -1.  0. -1.]\n [-1.  2. -1.  0.]\n [ 0. -1.  2. -1.]\n [-1.  0. -1.  2.]]_5.0_0.18644324808654034_4_3'
Constructing HHL Circuit
Initial B: [[ 3. -1.  0. -1.]
 [-1.  2. -1.  0.]
 [ 0. -1.  2. -1.]
 [-1.  0. -1.  2.]]
Final B: [[ 1.88495559 -0.62831853  0.         -0.62831853]
 [-0.62831853  1.25663706 -0.62831853  0.        ]
 [ 0.         -0.62831853  1.25663706 -0.62831853]
 [-0.62831853  0.         -0.62831853  1.25663706]]
Constructing asin(^-1) circuit
Length of untranspiled HHL 73
Transpiling HHL circuit for storage
Length of transpiled HHL 15405
Constructing ep(ik|cos()|)
Check if QADC circuit already eists.
'QADC_[2, 1, 0, -1]_[[ 3. -1.  0. -1.]\n [-1.  2. -1.  0.]\n [ 0. -1.  2. -1.]\n [-1.  0. -1.  2.]]_5.0_0.18644324808654034_4_4_(1, 1)'
Constructing QADC Circuit
               ┌───────────────────┐          
q45788_0: ─────┤0                  ├──────────
               │                   │          
q45788_1: ─────┤1                  ├──────────
               │                   │          
q45788_2: ─────┤2                  ├──────────
               │                   │          
q45788_3: ─────┤3                  ├──────────
               │                   │          
q45788_4: ─────┤4                  ├──────────
               │  circuit-72396434 │          
q45788_5: ─────┤5                  ├──────────
               │                   │          
q45788_6: ─────┤6                  ├──────────
               │                   │          
q45788_7: ─────┤7                  ├──────────
               │                   │          
q45788_8: ─────┤8                  ├──────────
               │                   │          
q45788_9: ─────┤9                  ├──────────
          ┌───┐└─────────┬─────────┘┌───┐┌───┐
  q45790: ┤ H ├──────────■──────────┤  ├┤ H ├
          └───┘                     └───┘└───┘
               ┌───────────────────────┐┌───┐       ┌───┐┌────────────────────┐
q45788_0: ─────┤0                      ├┤  ├─■─────┤  ├┤0                   ├
               │                       │├───┤ │     ├───┤│                    │
q45788_1: ─────┤1                      ├┤  ├─■─────┤  ├┤1                   ├
               │                       │├───┤ │     ├───┤│                    │
q45788_2: ─────┤2                      ├┤  ├─■─────┤  ├┤2                   ├
               │                       │├───┤ │     ├───┤│                    │
q45788_3: ─────┤3                      ├┤  ├─■─────┤  ├┤3                   ├
               │                       │├───┤ │     ├───┤│                    │
q45788_4: ─────┤4                      ├┤  ├─■─────┤  ├┤4                   ├
               │                       │├───┤ │     ├───┤│                    │
q45788_5: ─────┤5  circuit-72430228_dg ├┤  ├─■─────┤  ├┤5  circuit-72430228 ├
               │                       │├───┤ │     ├───┤│                    │
q45788_6: ─────┤6                      ├┤  ├─■─────┤  ├┤6                   ├
               │                       │├───┤ │     ├───┤│                    │
q45788_7: ─────┤7                      ├┤  ├─■─────┤  ├┤7                   ├
               │                       │├───┤ │     ├───┤│                    │
q45788_8: ─────┤8                      ├┤  ├─■─────┤  ├┤8                   ├
               │                       │├───┤ │     ├───┤│                    │
q45788_9: ─────┤9                      ├┤  ├─■─────┤  ├┤9                   ├
          ┌───┐│                       │├───┤ │P(π) ├───┤│                    │
  q45790: ┤ Z ├┤10                     ├┤  ├─■─────┤  ├┤10                  ├
          └───┘└───────────────────────┘└───┘       └───┘└────────────────────┘
Constructing ep(ik|cos()|)
Check if QADC circuit already eists.
'QADC_[2, 1, 0, -1]_[[ 3. -1.  0. -1.]\n [-1.  2. -1.  0.]\n [ 0. -1.  2. -1.]\n [-1.  0. -1.  2.]]_5.0_0.18644324808654034_4_4_(2, 3)'
Constructing QADC Circuit
               ┌───────────────────┐          
q54734_0: ─────┤0                  ├──────────
               │                   │          
q54734_1: ─────┤1                  ├──────────
               │                   │          
q54734_2: ─────┤2                  ├──────────
               │                   │          
q54734_3: ─────┤3                  ├──────────
               │                   │          
q54734_4: ─────┤4                  ├──────────
               │  circuit-72396434 │          
q54734_5: ─────┤5                  ├──────────
               │                   │          
q54734_6: ─────┤6                  ├──────────
               │                   │          
q54734_7: ─────┤7                  ├──────────
               │                   │          
q54734_8: ─────┤8                  ├──────────
               │                   │          
q54734_9: ─────┤9                  ├──────────
          ┌───┐└─────────┬─────────┘┌───┐┌───┐
  q54736: ┤ H ├──────────■──────────┤  ├┤ H ├
          └───┘                     └───┘└───┘
               ┌───────────────────────┐┌───┐       ┌───┐┌────────────────────┐
q54734_0: ─────┤0                      ├┤  ├─■─────┤  ├┤0                   ├
               │                       │├───┤ │     ├───┤│                    │
q54734_1: ─────┤1                      ├┤  ├─■─────┤  ├┤1                   ├
               │                       │├───┤ │     ├───┤│                    │
q54734_2: ─────┤2                      ├┤  ├─■─────┤  ├┤2                   ├
               │                       │├───┤ │     ├───┤│                    │
q54734_3: ─────┤3                      ├┤  ├─■─────┤  ├┤3                   ├
               │                       │├───┤ │     ├───┤│                    │
q54734_4: ─────┤4                      ├┤  ├─■─────┤  ├┤4                   ├
               │                       │├───┤ │     ├───┤│                    │
q54734_5: ─────┤5  circuit-90813778_dg ├┤  ├─■─────┤  ├┤5  circuit-90813778 ├
               │                       │├───┤ │     ├───┤│                    │
q54734_6: ─────┤6                      ├┤  ├─■─────┤  ├┤6                   ├
               │                       │├───┤ │     ├───┤│                    │
q54734_7: ─────┤7                      ├┤  ├─■─────┤  ├┤7                   ├
               │                       │├───┤ │     ├───┤│                    │
q54734_8: ─────┤8                      ├┤  ├─■─────┤  ├┤8                   ├
               │                       │├───┤ │     ├───┤│                    │
q54734_9: ─────┤9                      ├┤  ├─■─────┤  ├┤9                   ├
          ┌───┐│                       │├───┤ │P(π) ├───┤│                    │
  q54736: ┤ Z ├┤10                     ├┤  ├─■─────┤  ├┤10                  ├
          └───┘└───────────────────────┘└───┘       └───┘└────────────────────┘
Constructing ep(ik|cos()|)
Check if QADC circuit already eists.
'QADC_[2, 1, 0, -1]_[[ 3. -1.  0. -1.]\n [-1.  2. -1.  0.]\n [ 0. -1.  2. -1.]\n [-1.  0. -1.  2.]]_5.0_0.18644324808654034_4_4_(3, 3)'
Constructing QADC Circuit
               ┌───────────────────┐          
q63680_0: ─────┤0                  ├──────────
               │                   │          
q63680_1: ─────┤1                  ├──────────
               │                   │          
q63680_2: ─────┤2                  ├──────────
               │                   │          
q63680_3: ─────┤3                  ├──────────
               │                   │          
q63680_4: ─────┤4                  ├──────────
               │  circuit-72396434 │          
q63680_5: ─────┤5                  ├──────────
               │                   │          
q63680_6: ─────┤6                  ├──────────
               │                   │          
q63680_7: ─────┤7                  ├──────────
               │                   │          
q63680_8: ─────┤8                  ├──────────
               │                   │          
q63680_9: ─────┤9                  ├──────────
          ┌───┐└─────────┬─────────┘┌───┐┌───┐
  q63682: ┤ H ├──────────■──────────┤  ├┤ H ├
          └───┘                     └───┘└───┘
               ┌────────────────────────┐┌───┐       ┌───┐»
q63680_0: ─────┤0                       ├┤  ├─■─────┤  ├»
               │                        │├───┤ │     ├───┤»
q63680_1: ─────┤1                       ├┤  ├─■─────┤  ├»
               │                        │├───┤ │     ├───┤»
q63680_2: ─────┤2                       ├┤  ├─■─────┤  ├»
               │                        │├───┤ │     ├───┤»
q63680_3: ─────┤3                       ├┤  ├─■─────┤  ├»
               │                        │├───┤ │     ├───┤»
q63680_4: ─────┤4                       ├┤  ├─■─────┤  ├»
               │                        │├───┤ │     ├───┤»
q63680_5: ─────┤5  circuit-109198517_dg ├┤  ├─■─────┤  ├»
               │                        │├───┤ │     ├───┤»
q63680_6: ─────┤6                       ├┤  ├─■─────┤  ├»
               │                        │├───┤ │     ├───┤»
q63680_7: ─────┤7                       ├┤  ├─■─────┤  ├»
               │                        │├───┤ │     ├───┤»
q63680_8: ─────┤8                       ├┤  ├─■─────┤  ├»
               │                        │├───┤ │     ├───┤»
q63680_9: ─────┤9                       ├┤  ├─■─────┤  ├»
          ┌───┐│                        │├───┤ │P(π) ├───┤»
  q63682: ┤ Z ├┤10                      ├┤  ├─■─────┤  ├»
          └───┘└────────────────────────┘└───┘       └───┘»
«          ┌─────────────────────┐
«q63680_0: ┤0                    ├
«          │                     │
«q63680_1: ┤1                    ├
«          │                     │
«q63680_2: ┤2                    ├
«          │                     │
«q63680_3: ┤3                    ├
«          │                     │
«q63680_4: ┤4                    ├
«          │                     │
«q63680_5: ┤5  circuit-109198517 ├
«          │                     │
«q63680_6: ┤6                    ├
«          │                     │
«q63680_7: ┤7                    ├
«          │                     │
«q63680_8: ┤8                    ├
«          │                     │
«q63680_9: ┤9                    ├
«          │                     │
«  q63682: ┤10                   ├
«          └─────────────────────┘
Constructing ep(ik|cos()|)
Check if QADC circuit already eists.
'QADC_[2, 1, 0, -1]_[[ 3. -1.  0. -1.]\n [-1.  2. -1.  0.]\n [ 0. -1.  2. -1.]\n [-1.  0. -1.  2.]]_5.0_0.18644324808654034_4_4_(3, 1)'
Constructing QADC Circuit
               ┌───────────────────┐          
q72626_0: ─────┤0                  ├──────────
               │                   │          
q72626_1: ─────┤1                  ├──────────
               │                   │          
q72626_2: ─────┤2                  ├──────────
               │                   │          
q72626_3: ─────┤3                  ├──────────
               │                   │          
q72626_4: ─────┤4                  ├──────────
               │  circuit-72396434 │          
q72626_5: ─────┤5                  ├──────────
               │                   │          
q72626_6: ─────┤6                  ├──────────
               │                   │          
q72626_7: ─────┤7                  ├──────────
               │                   │          
q72626_8: ─────┤8                  ├──────────
               │                   │          
q72626_9: ─────┤9                  ├──────────
          ┌───┐└─────────┬─────────┘┌───┐┌───┐
  q72628: ┤ H ├──────────■──────────┤  ├┤ H ├
          └───┘                     └───┘└───┘
               ┌────────────────────────┐┌───┐       ┌───┐»
q72626_0: ─────┤0                       ├┤  ├─■─────┤  ├»
               │                        │├───┤ │     ├───┤»
q72626_1: ─────┤1                       ├┤  ├─■─────┤  ├»
               │                        │├───┤ │     ├───┤»
q72626_2: ─────┤2                       ├┤  ├─■─────┤  ├»
               │                        │├───┤ │     ├───┤»
q72626_3: ─────┤3                       ├┤  ├─■─────┤  ├»
               │                        │├───┤ │     ├───┤»
q72626_4: ─────┤4                       ├┤  ├─■─────┤  ├»
               │                        │├───┤ │     ├───┤»
q72626_5: ─────┤5  circuit-127584478_dg ├┤  ├─■─────┤  ├»
               │                        │├───┤ │     ├───┤»
q72626_6: ─────┤6                       ├┤  ├─■─────┤  ├»
               │                        │├───┤ │     ├───┤»
q72626_7: ─────┤7                       ├┤  ├─■─────┤  ├»
               │                        │├───┤ │     ├───┤»
q72626_8: ─────┤8                       ├┤  ├─■─────┤  ├»
               │                        │├───┤ │     ├───┤»
q72626_9: ─────┤9                       ├┤  ├─■─────┤  ├»
          ┌───┐│                        │├───┤ │P(π) ├───┤»
  q72628: ┤ Z ├┤10                      ├┤  ├─■─────┤  ├»
          └───┘└────────────────────────┘└───┘       └───┘»
«          ┌─────────────────────┐
«q72626_0: ┤0                    ├
«          │                     │
«q72626_1: ┤1                    ├
«          │                     │
«q72626_2: ┤2                    ├
«          │                     │
«q72626_3: ┤3                    ├
«          │                     │
«q72626_4: ┤4                    ├
«          │                     │
«q72626_5: ┤5  circuit-127584478 ├
«          │                     │
«q72626_6: ┤6                    ├
«          │                     │
«q72626_7: ┤7                    ├
«          │                     │
«q72626_8: ┤8                    ├
«          │                     │
«q72626_9: ┤9                    ├
«          │                     │
«  q72628: ┤10                   ├
«          └─────────────────────┘
Parameters of qc:  ParameterView([ParameterVectorElement(p[0]), ParameterVectorElement(p[3])])
Parameters of qc:  ParameterView([ParameterVectorElement(p[1]), ParameterVectorElement(p[4])])
Parameters of qc:  ParameterView([ParameterVectorElement(p[2]), ParameterVectorElement(p[5])])
Parameters of qc_total:  ParameterView([ParameterVectorElement(p[0]), ParameterVectorElement(p[1]), ParameterVectorElement(p[2]), ParameterVectorElement(p[3]), ParameterVectorElement(p[4]), ParameterVectorElement(p[5])])
Created circuit
{   'fun': 9769.811573149073,
    'jac': None,
    'nfev': 2000,
    'nit': 1000,
    'njev': None,
    '': array([-1.68402656,  0.07484393,  2.29182428,  0.11082548, -1.84339149,
        0.16087634])}
Running circuit with ideal parameters:
Cost is 8431.218858918859
Top three optimal solutions from QAOA:
00 10 Counts: 332
10 01 Counts: 314
11 10 Counts: 289
{'10 11': 103, '10 10': 30, '01 11': 289, '00 11': 64, '01 00': 332, '11 11': 124, '00 01': 91, '00 10': 60, '00 00': 134, '01 01': 31, '10 01': 314, '11 00': 116, '10 00': 51, '01 10': 60, '11 01': 161, '11 10': 88}
Top three optimal solutions actual:
11 01 Cost: 12.25
11 10 Cost: 16.75
11 11 Cost: 16.75
Sun Mar 19 14:06:24 +03 2023
print ==========================================
             JOBID PARTITION     NAME     USER ST       TIME  NODES NODELIST(REASON)
            665358   core40q     PINN   afarea  R   11:54:10      1 s201
print SLURM_JOB_ID = 665358
print SLURM_JOB_NODELIST = s201
print SLURM_SUBMIT_HOST = sariyer
print SLURM_SUBMIT_DIR = /okyanus/users/afarea/QUC032023/QUC4/QuantumUC-main
print SLURM_JOB_NUM_NODES = 1
print SLURM_CPUS_ON_NODE = 40
print SLURM_NTASKS = 28
print SLURM_NODEID = 0
print ==========================================
date: 
Sun Mar 19 14:06:24 +03 2023


[afarea@sariyer QuantumUC-main ]$ !sacct
sacct -u afarea -l -j 662708
       JobID     JobIDRaw    JobName  Partition  MaVMSize  MaVMSizeNode  MaVMSizeTask  AveVMSize     MaRSS MaRSSNode MaRSSTask     AveRSS MaPages MaPagesNode   MaPagesTask   AvePages     MinCPU MinCPUNode MinCPUTask     AveCPU   NTasks  AllocCPUS    Elapsed      State EitCode AveCPUFreq ReqCPUFreqMin ReqCPUFreqMa ReqCPUFreqGov     ReqMem ConsumedEnergy  MaDiskRead MaDiskReadNode MaDiskReadTask    AveDiskRead MaDiskWrite MaDiskWriteNode MaDiskWriteTask   AveDiskWrite    AllocGRES      ReqGRES    ReqTRES  AllocTRES TRESUsageInAve TRESUsageInMa TRESUsageInMaNode TRESUsageInMaTask TRESUsageInMin TRESUsageInMinNode TRESUsageInMinTask TRESUsageInTot TRESUsageOutMa TRESUsageOutMaNode TRESUsageOutMaTask TRESUsageOutAve TRESUsageOutTot 
------------ ------------ ---------- ---------- ---------- -------------- -------------- ---------- ---------- ---------- ---------- ---------- -------- ------------ -------------- ---------- ---------- ---------- ---------- ---------- -------- ---------- ---------- ---------- -------- ---------- ------------- ------------- ------------- ---------- -------------- ------------ --------------- --------------- -------------- ------------ ---------------- ---------------- -------------- ------------ ------------ ---------- ---------- -------------- -------------- ------------------ ------------------ -------------- ------------------ ------------------ -------------- --------------- ------------------- ------------------- --------------- --------------- 
662708       662708             PINN    core40q                                                                                                                                                                                                              40   08:52:44  COMPLETED      0:0                  Unknown       Unknown       Unknown         0n                                                                                                                                           gpu:0,mic:0              billing=1+ billing=4+                                                                                                                                                                                                                                 
662708.batch 662708.batch      batch             29210716K           s218              0  29210716K  28633392K       s218          0  28633392K        0         s218              0          0   08:51:03       s218          0   08:51:03        1         40   08:52:44  COMPLETED      0:0       106K             0             0             0         0n              0       50.67M            s218               0         50.67M        0.19M             s218                0          0.19M  gpu:0,mic:0                         cpu=40,me+ cpu=08:51:03,+ cpu=08:51:03,+ cpu=s218,energy=s+ cpu=0,fs/disk=0,m+ cpu=08:51:03,+ cpu=s218,energy=s+ cpu=0,fs/disk=0,m+ cpu=08:51:03,+  fs/disk=203620        fs/disk=s218           fs/disk=0  fs/disk=203620  fs/disk=203620 

